<?xml version="1.0" encoding="UTF-8"?>
<testng-results skipped="0" failed="0" total="1" passed="1">
  <reporter-output>
  </reporter-output>
  <suite name="Default suite" duration-ms="14291" started-at="2018-02-06T12:40:12Z" finished-at="2018-02-06T12:40:26Z">
    <groups>
    </groups>
    <test name="Default test" duration-ms="14291" started-at="2018-02-06T12:40:12Z" finished-at="2018-02-06T12:40:26Z">
      <class name="com.Best.ReverseAuction.p1109.TC_001LoginTest">
        <test-method status="PASS" signature="setUp()[pri:0, instance:com.Best.ReverseAuction.p1109.TC_001LoginTest@17cd7a0]" name="setUp" is-config="true" duration-ms="8623" started-at="2018-02-06T18:10:12Z" finished-at="2018-02-06T18:10:20Z">
          <reporter-output>
          </reporter-output>
        </test-method> <!-- setUp -->
        <test-method status="PASS" signature="verify_InvalidLoginTest()[pri:0, instance:com.Best.ReverseAuction.p1109.TC_001LoginTest@17cd7a0]" name="verify_InvalidLoginTest" duration-ms="2097" started-at="2018-02-06T18:10:20Z" finished-at="2018-02-06T18:10:23Z">
          <reporter-output>
          </reporter-output>
        </test-method> <!-- verify_InvalidLoginTest -->
        <test-method status="PASS" signature="tearDown()[pri:0, instance:com.Best.ReverseAuction.p1109.TC_001LoginTest@17cd7a0]" name="tearDown" is-config="true" duration-ms="3569" started-at="2018-02-06T18:10:23Z" finished-at="2018-02-06T18:10:26Z">
          <reporter-output>
          </reporter-output>
        </test-method> <!-- tearDown -->
      </class> <!-- com.Best.ReverseAuction.p1109.TC_001LoginTest -->
    </test> <!-- Default test -->
  </suite> <!-- Default suite -->
</testng-results>
